This file contains any messages produced by compilers while
running configure, to aid debugging if configure makes a mistake.

It was created by Libint2 configure 2.5.0, which was
generated by GNU Autoconf 2.69.  Invocation command line was

  $ ./configure --prefix=/ccs/home/agriffith/libint_build CXX=g++ CPPFLAGS=-I/ccs/home/agriffith/eigen

## --------- ##
## Platform. ##
## --------- ##

hostname = login3
uname -m = ppc64le
uname -r = 4.14.0-115.8.1.el7a.ppc64le
uname -s = Linux
uname -v = #1 SMP Thu May 9 14:45:13 UTC 2019

/usr/bin/uname -p = ppc64le
/bin/uname -X     = unknown

/bin/arch              = ppc64le
/usr/bin/arch -k       = unknown
/usr/convex/getsysinfo = unknown
/usr/bin/hostinfo      = unknown
/bin/machine           = unknown
/usr/bin/oslevel       = unknown
/bin/universe          = unknown

PATH: /ccs/home/agriffith/eigen
PATH: /ccs/home/agriffith/eigen
PATH: /ccs/home/agriffith/eigen
PATH: /sw/sources/lsf-tools/2.0/summit/bin
PATH: /sw/summit/xalt/1.1.3/bin
PATH: /autofs/nccs-svm1_sw/summit/.swci/0-core/opt/spack/20180914/linux-rhel7-ppc64le/gcc-4.8.5/cmake-3.14.2-3zkrrk4chuq6wfhvxpmen2gzdpaoiorw/bin
PATH: /autofs/nccs-svm1_sw/summit/.swci/1-compute/opt/spack/20180914/linux-rhel7-ppc64le/gcc-6.4.0/spectrum-mpi-10.3.0.1-20190611-cyaenjgora6now2nusxzkfli4mzjnudx/bin
PATH: /sw/summit/gcc/6.4.0/bin
PATH: /usr/bin
PATH: /usr/sbin
PATH: /autofs/nccs-svm1_sw/summit/.swci/1-compute/opt/spack/20180914/linux-rhel7-ppc64le/gcc-4.8.5/darshan-runtime-3.1.7-csygoqyym3m3ysoaperhxlhoiluvpa2u/bin
PATH: /sw/sources/hpss/bin
PATH: /opt/ibm/spectrumcomputing/lsf/10.1/linux3.10-glibc2.17-ppc64le-csm/etc
PATH: /opt/ibm/spectrumcomputing/lsf/10.1/linux3.10-glibc2.17-ppc64le-csm/bin
PATH: /opt/ibm/csm/bin
PATH: /usr/local/bin
PATH: /usr/local/sbin
PATH: /opt/ibm/flightlog/bin
PATH: /opt/ibutils/bin
PATH: /opt/ibm/spectrum_mpi/jsm_pmix/bin
PATH: /opt/puppetlabs/bin
PATH: /usr/lpp/mmfs/bin


## ----------- ##
## Core tests. ##
## ----------- ##

configure:2642: checking build system type
configure:2656: result: powerpc64le-unknown-linux-gnu
configure:2676: checking host system type
configure:2689: result: powerpc64le-unknown-linux-gnu
configure:2709: checking target system type
configure:2722: result: powerpc64le-unknown-linux-gnu
configure:2953: result: Using standard ordering of solid harmonic Gaussians
configure:2981: checking whether make sets $(MAKE)
configure:3003: result: yes
configure:3026: checking for a BSD-compatible install
configure:3094: result: /usr/bin/install -c
configure:3148: checking for ranlib
configure:3164: found /usr/bin/ranlib
configure:3175: result: ranlib
configure:3360: checking for C++ compiler version
configure:3369: g++ --version >&5
g++ (GCC) 6.4.0
Copyright (C) 2017 Free Software Foundation, Inc.
This is free software; see the source for copying conditions.  There is NO
warranty; not even for MERCHANTABILITY or FITNESS FOR A PARTICULAR PURPOSE.

configure:3380: $? = 0
configure:3369: g++ -v >&5
Using built-in specs.
COLLECT_GCC=g++
COLLECT_LTO_WRAPPER=/autofs/nccs-svm1_sw/summit/gcc/6.4.0/bin/../libexec/gcc/powerpc64le-none-linux-gnu/6.4.0/lto-wrapper
OFFLOAD_TARGET_NAMES=nvptx-none
Target: powerpc64le-none-linux-gnu
Configured with: /sw/summit/gcc/6.4.0/src/gcc-6.4.0/configure --prefix=/sw/summit/gcc/6.4.0 --build=powerpc64le-none-linux-gnu --host=powerpc64le-none-linux-gnu --target=powerpc64le-none-linux-gnu --enable-offload-targets=nvptx-none --with-cuda-driver=/sw/summit/cuda/9.0.184 --disable-multilib CFLAGS=-m64
Thread model: posix
gcc version 6.4.0 (GCC) 
configure:3380: $? = 0
configure:3369: g++ -V >&5
g++: error: unrecognized command line option '-V'
g++: fatal error: no input files
compilation terminated.
configure:3380: $? = 1
configure:3369: g++ -qversion >&5
g++: error: unrecognized command line option '-qversion'; did you mean '--version'?
g++: fatal error: no input files
compilation terminated.
configure:3380: $? = 1
configure:3400: checking whether the C++ compiler works
configure:3422: g++  -I/ccs/home/agriffith/eigen  conftest.cpp  >&5
configure:3426: $? = 0
configure:3474: result: yes
configure:3477: checking for C++ compiler default output file name
configure:3479: result: a.out
configure:3485: checking for suffix of executables
configure:3492: g++ -o conftest  -I/ccs/home/agriffith/eigen  conftest.cpp  >&5
configure:3496: $? = 0
configure:3518: result: 
configure:3540: checking whether we are cross compiling
configure:3548: g++ -o conftest  -I/ccs/home/agriffith/eigen  conftest.cpp  >&5
configure:3552: $? = 0
configure:3559: ./conftest
configure:3563: $? = 0
configure:3578: result: no
configure:3583: checking for suffix of object files
configure:3605: g++ -c  -I/ccs/home/agriffith/eigen conftest.cpp >&5
configure:3609: $? = 0
configure:3630: result: o
configure:3634: checking whether we are using the GNU C++ compiler
configure:3653: g++ -c  -I/ccs/home/agriffith/eigen conftest.cpp >&5
configure:3653: $? = 0
configure:3662: result: yes
configure:3671: checking whether g++ accepts -g
configure:3691: g++ -c -g -I/ccs/home/agriffith/eigen conftest.cpp >&5
configure:3691: $? = 0
configure:3732: result: yes
configure:3760: checking how to run the C++ preprocessor
configure:3787: g++ -E -I/ccs/home/agriffith/eigen conftest.cpp
configure:3787: $? = 0
configure:3801: g++ -E -I/ccs/home/agriffith/eigen conftest.cpp
conftest.cpp:12:28: fatal error: ac_nonexistent.h: No such file or directory
 #include <ac_nonexistent.h>
                            ^
compilation terminated.
configure:3801: $? = 1
configure: failed program was:
| /* confdefs.h */
| #define PACKAGE_NAME "Libint2"
| #define PACKAGE_TARNAME "libint2"
| #define PACKAGE_VERSION "2.5.0"
| #define PACKAGE_STRING "Libint2 2.5.0"
| #define PACKAGE_BUGREPORT "libint@valeyev.net"
| #define PACKAGE_URL ""
| #define LIBINT2_BUILDID ""
| #define LIBINT2_VERSION "2.5.0"
| #define LIBINT_SHGSHELL_ORDERING 1
| /* end confdefs.h.  */
| #include <ac_nonexistent.h>
configure:3826: result: g++ -E
configure:3846: g++ -E -I/ccs/home/agriffith/eigen conftest.cpp
configure:3846: $? = 0
configure:3860: g++ -E -I/ccs/home/agriffith/eigen conftest.cpp
conftest.cpp:12:28: fatal error: ac_nonexistent.h: No such file or directory
 #include <ac_nonexistent.h>
                            ^
compilation terminated.
configure:3860: $? = 1
configure: failed program was:
| /* confdefs.h */
| #define PACKAGE_NAME "Libint2"
| #define PACKAGE_TARNAME "libint2"
| #define PACKAGE_VERSION "2.5.0"
| #define PACKAGE_STRING "Libint2 2.5.0"
| #define PACKAGE_BUGREPORT "libint@valeyev.net"
| #define PACKAGE_URL ""
| #define LIBINT2_BUILDID ""
| #define LIBINT2_VERSION "2.5.0"
| #define LIBINT_SHGSHELL_ORDERING 1
| /* end confdefs.h.  */
| #include <ac_nonexistent.h>
configure:3892: checking for ar
configure:3908: found /usr/bin/ar
configure:3919: result: ar
configure:4502: WARNING: C++ optimization options are not given! For optimum performance give CXXFLAGS or use --with-cxx-optflags configure option
configure:4560: checking CXX for general C++11 support
configure:4589: g++ -c  -O2 -DNDEBUG  -I/ccs/home/agriffith/eigen conftest.cpp >&5
configure:4589: $? = 0
configure:4593: result: yes
configure:4661: checking for grep that handles long lines and -e
configure:4719: result: /usr/bin/grep
configure:4724: checking for egrep
configure:4786: result: /usr/bin/grep -E
configure:4791: checking for ANSI C header files
configure:4811: g++ -c  -O2 -DNDEBUG  -I/ccs/home/agriffith/eigen conftest.cpp >&5
configure:4811: $? = 0
configure:4884: g++ -o conftest  -O2 -DNDEBUG  -I/ccs/home/agriffith/eigen  conftest.cpp  >&5
configure:4884: $? = 0
configure:4884: ./conftest
configure:4884: $? = 0
configure:4895: result: yes
configure:4908: checking for sys/types.h
configure:4908: g++ -c  -O2 -DNDEBUG  -I/ccs/home/agriffith/eigen conftest.cpp >&5
configure:4908: $? = 0
configure:4908: result: yes
configure:4908: checking for sys/stat.h
configure:4908: g++ -c  -O2 -DNDEBUG  -I/ccs/home/agriffith/eigen conftest.cpp >&5
configure:4908: $? = 0
configure:4908: result: yes
configure:4908: checking for stdlib.h
configure:4908: g++ -c  -O2 -DNDEBUG  -I/ccs/home/agriffith/eigen conftest.cpp >&5
configure:4908: $? = 0
configure:4908: result: yes
configure:4908: checking for string.h
configure:4908: g++ -c  -O2 -DNDEBUG  -I/ccs/home/agriffith/eigen conftest.cpp >&5
configure:4908: $? = 0
configure:4908: result: yes
configure:4908: checking for memory.h
configure:4908: g++ -c  -O2 -DNDEBUG  -I/ccs/home/agriffith/eigen conftest.cpp >&5
configure:4908: $? = 0
configure:4908: result: yes
configure:4908: checking for strings.h
configure:4908: g++ -c  -O2 -DNDEBUG  -I/ccs/home/agriffith/eigen conftest.cpp >&5
configure:4908: $? = 0
configure:4908: result: yes
configure:4908: checking for inttypes.h
configure:4908: g++ -c  -O2 -DNDEBUG  -I/ccs/home/agriffith/eigen conftest.cpp >&5
configure:4908: $? = 0
configure:4908: result: yes
configure:4908: checking for stdint.h
configure:4908: g++ -c  -O2 -DNDEBUG  -I/ccs/home/agriffith/eigen conftest.cpp >&5
configure:4908: $? = 0
configure:4908: result: yes
configure:4908: checking for unistd.h
configure:4908: g++ -c  -O2 -DNDEBUG  -I/ccs/home/agriffith/eigen conftest.cpp >&5
configure:4908: $? = 0
configure:4908: result: yes
configure:4930: checking Eigen/Core usability
configure:4930: g++ -c  -O2 -DNDEBUG  -I/ccs/home/agriffith/eigen conftest.cpp >&5
configure:4930: $? = 0
configure:4930: result: yes
configure:4930: checking Eigen/Core presence
configure:4930: g++ -E -I/ccs/home/agriffith/eigen conftest.cpp
configure:4930: $? = 0
configure:4930: result: yes
configure:4930: checking for Eigen/Core
configure:4930: result: yes
configure:4933: checking if Eigen library is usable
configure:4956: g++ -o conftest  -O2 -DNDEBUG  -I/ccs/home/agriffith/eigen  conftest.cpp  >&5
configure:4956: $? = 0
configure:4965: result: yes
configure:4986: checking GNU c++ library/template flags
configure:4989: result: GNU
configure:5138: checking for boostlib >= 1.29 (102900)
configure:5170: g++ -c  -O2 -DNDEBUG  -I/ccs/home/agriffith/eigen  conftest.cpp >&5
configure:5170: $? = 0
configure:5172: result: yes
configure:5335: checking for variadic macro support in Boost.Preprocessor
configure:5355: g++ -c  -O2 -DNDEBUG  -I/ccs/home/agriffith/eigen conftest.cpp >&5
configure:5355: $? = 0
configure:5356: result: yes
configure:5399: checking for ANSI C header files
configure:5503: result: yes
configure:5514: checking limits.h usability
configure:5514: g++ -c  -O2 -DNDEBUG  -I/ccs/home/agriffith/eigen  conftest.cpp >&5
configure:5514: $? = 0
configure:5514: result: yes
configure:5514: checking limits.h presence
configure:5514: g++ -E -I/ccs/home/agriffith/eigen  conftest.cpp
configure:5514: $? = 0
configure:5514: result: yes
configure:5514: checking for limits.h
configure:5514: result: yes
configure:5514: checking for stdint.h
configure:5514: result: yes
configure:5525: checking for size_t
configure:5525: g++ -c  -O2 -DNDEBUG  -I/ccs/home/agriffith/eigen  conftest.cpp >&5
configure:5525: $? = 0
configure:5525: g++ -c  -O2 -DNDEBUG  -I/ccs/home/agriffith/eigen  conftest.cpp >&5
conftest.cpp: In function 'int main()':
conftest.cpp:65:20: error: expected primary-expression before ')' token
 if (sizeof ((size_t)))
                    ^
configure:5525: $? = 1
configure: failed program was:
| /* confdefs.h */
| #define PACKAGE_NAME "Libint2"
| #define PACKAGE_TARNAME "libint2"
| #define PACKAGE_VERSION "2.5.0"
| #define PACKAGE_STRING "Libint2 2.5.0"
| #define PACKAGE_BUGREPORT "libint@valeyev.net"
| #define PACKAGE_URL ""
| #define LIBINT2_BUILDID ""
| #define LIBINT2_VERSION "2.5.0"
| #define LIBINT_SHGSHELL_ORDERING 1
| #define LIBINT_HAS_CXX11 1
| #define STDC_HEADERS 1
| #define HAVE_SYS_TYPES_H 1
| #define HAVE_SYS_STAT_H 1
| #define HAVE_STDLIB_H 1
| #define HAVE_STRING_H 1
| #define HAVE_MEMORY_H 1
| #define HAVE_STRINGS_H 1
| #define HAVE_INTTYPES_H 1
| #define HAVE_STDINT_H 1
| #define HAVE_UNISTD_H 1
| #define LIBINT_HAS_EIGEN 1
| #define HAVE_BOOST /**/
| #define LIBINT_HAS_SYSTEM_BOOST_PREPROCESSOR_VARIADICS 1
| #define STDC_HEADERS 1
| #define HAVE_LIMITS_H 1
| #define HAVE_STDINT_H 1
| /* end confdefs.h.  */
| #include <stdio.h>
| #ifdef HAVE_SYS_TYPES_H
| # include <sys/types.h>
| #endif
| #ifdef HAVE_SYS_STAT_H
| # include <sys/stat.h>
| #endif
| #ifdef STDC_HEADERS
| # include <stdlib.h>
| # include <stddef.h>
| #else
| # ifdef HAVE_STDLIB_H
| #  include <stdlib.h>
| # endif
| #endif
| #ifdef HAVE_STRING_H
| # if !defined STDC_HEADERS && defined HAVE_MEMORY_H
| #  include <memory.h>
| # endif
| # include <string.h>
| #endif
| #ifdef HAVE_STRINGS_H
| # include <strings.h>
| #endif
| #ifdef HAVE_INTTYPES_H
| # include <inttypes.h>
| #endif
| #ifdef HAVE_STDINT_H
| # include <stdint.h>
| #endif
| #ifdef HAVE_UNISTD_H
| # include <unistd.h>
| #endif
| int
| main ()
| {
| if (sizeof ((size_t)))
| 	    return 0;
|   ;
|   return 0;
| }
configure:5525: result: yes
configure:5537: checking for posix_memalign
configure:5537: g++ -o conftest  -O2 -DNDEBUG  -I/ccs/home/agriffith/eigen   conftest.cpp  >&5
configure:5537: $? = 0
configure:5537: result: yes
configure:5733: checking for doxygen
configure:5752: found /usr/bin/doxygen
configure:5764: result: /usr/bin/doxygen
configure:5774: checking for pdflatex
configure:5793: found /usr/bin/pdflatex
configure:5805: result: /usr/bin/pdflatex
configure:5815: checking for pslatex
configure:5849: result: no
configure:5856: checking for dvips
configure:5890: result: no
configure:5897: checking for latex
configure:5916: found /usr/bin/latex
configure:5928: result: /usr/bin/latex
configure:5938: checking for latex2html
configure:5972: result: no
configure:5979: checking for bibtex
configure:6013: result: no
configure:6022: checking for python
configure:6038: found /usr/bin/python
configure:6049: result: python
configure:6109: checking how to print strings
configure:6136: result: printf
configure:6205: checking for gcc
configure:6221: found /sw/summit/gcc/6.4.0/bin/gcc
configure:6232: result: gcc
configure:6461: checking for C compiler version
configure:6470: gcc --version >&5
gcc (GCC) 6.4.0
Copyright (C) 2017 Free Software Foundation, Inc.
This is free software; see the source for copying conditions.  There is NO
warranty; not even for MERCHANTABILITY or FITNESS FOR A PARTICULAR PURPOSE.

configure:6481: $? = 0
configure:6470: gcc -v >&5
Using built-in specs.
COLLECT_GCC=gcc
COLLECT_LTO_WRAPPER=/autofs/nccs-svm1_sw/summit/gcc/6.4.0/bin/../libexec/gcc/powerpc64le-none-linux-gnu/6.4.0/lto-wrapper
OFFLOAD_TARGET_NAMES=nvptx-none
Target: powerpc64le-none-linux-gnu
Configured with: /sw/summit/gcc/6.4.0/src/gcc-6.4.0/configure --prefix=/sw/summit/gcc/6.4.0 --build=powerpc64le-none-linux-gnu --host=powerpc64le-none-linux-gnu --target=powerpc64le-none-linux-gnu --enable-offload-targets=nvptx-none --with-cuda-driver=/sw/summit/cuda/9.0.184 --disable-multilib CFLAGS=-m64
Thread model: posix
gcc version 6.4.0 (GCC) 
configure:6481: $? = 0
configure:6470: gcc -V >&5
gcc: error: unrecognized command line option '-V'
gcc: fatal error: no input files
compilation terminated.
configure:6481: $? = 1
configure:6470: gcc -qversion >&5
gcc: error: unrecognized command line option '-qversion'; did you mean '--version'?
gcc: fatal error: no input files
compilation terminated.
configure:6481: $? = 1
configure:6485: checking whether we are using the GNU C compiler
configure:6504: gcc -c  -I/ccs/home/agriffith/eigen  conftest.c >&5
configure:6504: $? = 0
configure:6513: result: yes
configure:6522: checking whether gcc accepts -g
configure:6542: gcc -c -g -I/ccs/home/agriffith/eigen  conftest.c >&5
configure:6542: $? = 0
configure:6583: result: yes
configure:6600: checking for gcc option to accept ISO C89
configure:6663: gcc  -c -g -O2 -I/ccs/home/agriffith/eigen  conftest.c >&5
configure:6663: $? = 0
configure:6676: result: none needed
configure:6696: checking for a sed that does not truncate output
configure:6760: result: /usr/bin/sed
configure:6778: checking for fgrep
configure:6840: result: /usr/bin/grep -F
configure:6875: checking for ld used by gcc
configure:6942: result: /sw/summit/xalt/1.1.3/bin/ld
configure:6949: checking if the linker (/sw/summit/xalt/1.1.3/bin/ld) is GNU ld
configure:6964: result: yes
configure:6976: checking for BSD- or MS-compatible name lister (nm)
configure:7030: result: /usr/bin/nm -B
configure:7160: checking the name lister (/usr/bin/nm -B) interface
configure:7167: g++ -c  -O2 -DNDEBUG  -I/ccs/home/agriffith/eigen  conftest.cpp >&5
configure:7170: /usr/bin/nm -B "conftest.o"
configure:7173: output
0000000000000000 B some_variable
configure:7180: result: BSD nm
configure:7183: checking whether ln -s works
configure:7187: result: yes
configure:7195: checking the maximum length of command line arguments
configure:7326: result: 1572864
configure:7374: checking how to convert powerpc64le-unknown-linux-gnu file names to powerpc64le-unknown-linux-gnu format
configure:7414: result: func_convert_file_noop
configure:7421: checking how to convert powerpc64le-unknown-linux-gnu file names to toolchain format
configure:7441: result: func_convert_file_noop
configure:7448: checking for /sw/summit/xalt/1.1.3/bin/ld option to reload object files
configure:7455: result: -r
configure:7529: checking for objdump
configure:7545: found /usr/bin/objdump
configure:7556: result: objdump
configure:7588: checking how to recognize dependent libraries
configure:7788: result: pass_all
configure:7873: checking for dlltool
configure:7903: result: no
configure:7933: checking how to associate runtime and link libraries
configure:7960: result: printf %s\n
configure:8084: checking for archiver @FILE support
configure:8101: g++ -c  -O2 -DNDEBUG  -I/ccs/home/agriffith/eigen  conftest.cpp >&5
configure:8101: $? = 0
configure:8104: ar cru libconftest.a @conftest.lst >&5
configure:8107: $? = 0
configure:8112: ar cru libconftest.a @conftest.lst >&5
ar: conftest.o: No such file or directory
configure:8115: $? = 1
configure:8127: result: @
configure:8185: checking for strip
configure:8201: found /usr/bin/strip
configure:8212: result: strip
configure:8284: checking for ranlib
configure:8311: result: ranlib
configure:8388: checking for gawk
configure:8404: found /usr/bin/gawk
configure:8415: result: gawk
configure:8455: checking command to parse /usr/bin/nm -B output from gcc object
configure:8608: g++ -c  -O2 -DNDEBUG  -I/ccs/home/agriffith/eigen  conftest.cpp >&5
configure:8611: $? = 0
configure:8615: /usr/bin/nm -B conftest.o \| sed -n -e 's/^.*[ ]\([ABCDGIRSTW][ABCDGIRSTW]*\)[ ][ ]*\([_A-Za-z][_A-Za-z0-9]*\)$/\1 \2 \2/p' | sed '/ __gnu_lto/d' \> conftest.nm
configure:8618: $? = 0
configure:8684: g++ -o conftest  -O2 -DNDEBUG  -I/ccs/home/agriffith/eigen   conftest.cpp conftstm.o >&5
configure:8687: $? = 0
configure:8725: result: ok
configure:8772: checking for sysroot
configure:8802: result: no
configure:8809: checking for a working dd
configure:8847: result: /usr/bin/dd
configure:8851: checking how to truncate binary pipes
configure:8866: result: /usr/bin/dd bs=4096 count=1
configure:9003: g++ -c  -O2 -DNDEBUG  -I/ccs/home/agriffith/eigen  conftest.cpp >&5
configure:9006: $? = 0
configure:9196: checking for mt
configure:9226: result: no
configure:9246: checking if : is a manifest tool
configure:9252: : '-?'
configure:9260: result: no
configure:9934: checking for dlfcn.h
configure:9934: g++ -c  -O2 -DNDEBUG  -I/ccs/home/agriffith/eigen  conftest.cpp >&5
configure:9934: $? = 0
configure:9934: result: yes
configure:10199: checking for objdir
configure:10214: result: .libs
configure:10478: checking if gcc supports -fno-rtti -fno-exceptions
configure:10496: gcc -c -g -O2 -I/ccs/home/agriffith/eigen  -fno-rtti -fno-exceptions conftest.c >&5
cc1: warning: command line option '-fno-rtti' is valid for C++/ObjC++ but not for C
configure:10500: $? = 0
configure:10513: result: no
configure:10871: checking for gcc option to produce PIC
configure:10878: result: -fPIC -DPIC
configure:10886: checking if gcc PIC flag -fPIC -DPIC works
configure:10904: gcc -c -g -O2 -I/ccs/home/agriffith/eigen  -fPIC -DPIC -DPIC conftest.c >&5
configure:10908: $? = 0
configure:10921: result: yes
configure:10950: checking if gcc static flag -static works
configure:10978: result: no
configure:10993: checking if gcc supports -c -o file.o
configure:11014: gcc -c -g -O2 -I/ccs/home/agriffith/eigen  -o out/conftest2.o conftest.c >&5
configure:11018: $? = 0
configure:11040: result: yes
configure:11048: checking if gcc supports -c -o file.o
configure:11095: result: yes
configure:11128: checking whether the gcc linker (/sw/summit/xalt/1.1.3/bin/ld) supports shared libraries
configure:12387: result: yes
configure:12627: checking dynamic linker characteristics
configure:13208: gcc -o conftest -g -O2 -I/ccs/home/agriffith/eigen   -Wl,-rpath -Wl,/foo conftest.c -lm   >&5
configure:13208: $? = 0
configure:13445: result: GNU/Linux ld.so
configure:13567: checking how to hardcode library paths into programs
configure:13592: result: immediate
configure:14140: checking whether stripping libraries is possible
configure:14145: result: yes
configure:14180: checking if libtool supports shared libraries
configure:14182: result: yes
configure:14185: checking whether to build shared libraries
configure:14210: result: no
configure:14213: checking whether to build static libraries
configure:14217: result: yes
configure:14240: checking how to run the C++ preprocessor
configure:14306: result: g++ -E
configure:14326: g++ -E -I/ccs/home/agriffith/eigen  conftest.cpp
configure:14326: $? = 0
configure:14340: g++ -E -I/ccs/home/agriffith/eigen  conftest.cpp
conftest.cpp:34:28: fatal error: ac_nonexistent.h: No such file or directory
 #include <ac_nonexistent.h>
                            ^
compilation terminated.
configure:14340: $? = 1
configure: failed program was:
| /* confdefs.h */
| #define PACKAGE_NAME "Libint2"
| #define PACKAGE_TARNAME "libint2"
| #define PACKAGE_VERSION "2.5.0"
| #define PACKAGE_STRING "Libint2 2.5.0"
| #define PACKAGE_BUGREPORT "libint@valeyev.net"
| #define PACKAGE_URL ""
| #define LIBINT2_BUILDID ""
| #define LIBINT2_VERSION "2.5.0"
| #define LIBINT_SHGSHELL_ORDERING 1
| #define LIBINT_HAS_CXX11 1
| #define STDC_HEADERS 1
| #define HAVE_SYS_TYPES_H 1
| #define HAVE_SYS_STAT_H 1
| #define HAVE_STDLIB_H 1
| #define HAVE_STRING_H 1
| #define HAVE_MEMORY_H 1
| #define HAVE_STRINGS_H 1
| #define HAVE_INTTYPES_H 1
| #define HAVE_STDINT_H 1
| #define HAVE_UNISTD_H 1
| #define LIBINT_HAS_EIGEN 1
| #define HAVE_BOOST /**/
| #define LIBINT_HAS_SYSTEM_BOOST_PREPROCESSOR_VARIADICS 1
| #define STDC_HEADERS 1
| #define HAVE_LIMITS_H 1
| #define HAVE_STDINT_H 1
| #define HAVE_POSIX_MEMALIGN 1
| #define LIBINT2_ALIGN_SIZE 0
| #define LIBINT2_REALTYPE double
| #define HAVE_DLFCN_H 1
| #define LT_OBJDIR ".libs/"
| /* end confdefs.h.  */
| #include <ac_nonexistent.h>
configure:14502: checking for ld used by g++
configure:14569: result: /sw/summit/xalt/1.1.3/bin/ld
configure:14576: checking if the linker (/sw/summit/xalt/1.1.3/bin/ld) is GNU ld
configure:14591: result: yes
configure:14646: checking whether the g++ linker (/sw/summit/xalt/1.1.3/bin/ld) supports shared libraries
configure:15719: result: yes
configure:15755: g++ -c  -O2 -DNDEBUG  -I/ccs/home/agriffith/eigen  conftest.cpp >&5
configure:15758: $? = 0
configure:16239: checking for g++ option to produce PIC
configure:16246: result: -fPIC -DPIC
configure:16254: checking if g++ PIC flag -fPIC -DPIC works
configure:16272: g++ -c  -O2 -DNDEBUG  -I/ccs/home/agriffith/eigen  -fPIC -DPIC -DPIC conftest.cpp >&5
configure:16276: $? = 0
configure:16289: result: yes
configure:16312: checking if g++ static flag -static works
configure:16340: result: no
configure:16352: checking if g++ supports -c -o file.o
configure:16373: g++ -c  -O2 -DNDEBUG  -I/ccs/home/agriffith/eigen  -o out/conftest2.o conftest.cpp >&5
configure:16377: $? = 0
configure:16399: result: yes
configure:16404: checking if g++ supports -c -o file.o
configure:16451: result: yes
configure:16481: checking whether the g++ linker (/sw/summit/xalt/1.1.3/bin/ld) supports shared libraries
configure:16521: result: yes
configure:16662: checking dynamic linker characteristics
configure:17407: result: GNU/Linux ld.so
configure:17472: checking how to hardcode library paths into programs
configure:17497: result: immediate
configure:20686: creating ./config.status

## ---------------------- ##
## Running config.status. ##
## ---------------------- ##

This file was extended by Libint2 config.status 2.5.0, which was
generated by GNU Autoconf 2.69.  Invocation command line was

  CONFIG_FILES    = 
  CONFIG_HEADERS  = 
  CONFIG_LINKS    = 
  CONFIG_COMMANDS = 
  $ ./config.status 

on login3

config.status:1214: creating MakeVars
config.status:1214: creating MakeRules
config.status:1214: creating MakeSuffixRules
config.status:1214: creating doc/Makefile
config.status:1214: creating include/libint2/basis.h
config.status:1214: creating libint2.pc
config.status:1214: creating include/libint2/config.h
config.status:1403: executing libtool commands

## ---------------- ##
## Cache variables. ##
## ---------------- ##

ac_cv_build=powerpc64le-unknown-linux-gnu
ac_cv_c_compiler_gnu=yes
ac_cv_cxx_compiler_gnu=yes
ac_cv_env_CCC_set=
ac_cv_env_CCC_value=
ac_cv_env_CC_set=
ac_cv_env_CC_value=
ac_cv_env_CFLAGS_set=
ac_cv_env_CFLAGS_value=
ac_cv_env_CPPFLAGS_set=set
ac_cv_env_CPPFLAGS_value=-I/ccs/home/agriffith/eigen
ac_cv_env_CXXCPP_set=
ac_cv_env_CXXCPP_value=
ac_cv_env_CXXFLAGS_set=
ac_cv_env_CXXFLAGS_value=
ac_cv_env_CXX_set=set
ac_cv_env_CXX_value=g++
ac_cv_env_FCFLAGS_set=
ac_cv_env_FCFLAGS_value=
ac_cv_env_FC_set=
ac_cv_env_FC_value=
ac_cv_env_LDFLAGS_set=
ac_cv_env_LDFLAGS_value=
ac_cv_env_LIBS_set=
ac_cv_env_LIBS_value=
ac_cv_env_LT_SYS_LIBRARY_PATH_set=
ac_cv_env_LT_SYS_LIBRARY_PATH_value=
ac_cv_env_build_alias_set=
ac_cv_env_build_alias_value=
ac_cv_env_host_alias_set=
ac_cv_env_host_alias_value=
ac_cv_env_target_alias_set=
ac_cv_env_target_alias_value=
ac_cv_func_posix_memalign=yes
ac_cv_header_Eigen_Core=yes
ac_cv_header_dlfcn_h=yes
ac_cv_header_inttypes_h=yes
ac_cv_header_limits_h=yes
ac_cv_header_memory_h=yes
ac_cv_header_stdc=yes
ac_cv_header_stdint_h=yes
ac_cv_header_stdlib_h=yes
ac_cv_header_string_h=yes
ac_cv_header_strings_h=yes
ac_cv_header_sys_stat_h=yes
ac_cv_header_sys_types_h=yes
ac_cv_header_unistd_h=yes
ac_cv_host=powerpc64le-unknown-linux-gnu
ac_cv_objext=o
ac_cv_path_DOXYGEN=/usr/bin/doxygen
ac_cv_path_EGREP='/usr/bin/grep -E'
ac_cv_path_FGREP='/usr/bin/grep -F'
ac_cv_path_GREP=/usr/bin/grep
ac_cv_path_LATEX=/usr/bin/latex
ac_cv_path_PDFLATEX=/usr/bin/pdflatex
ac_cv_path_SED=/usr/bin/sed
ac_cv_path_install='/usr/bin/install -c'
ac_cv_path_lt_DD=/usr/bin/dd
ac_cv_prog_AR=ar
ac_cv_prog_AWK=gawk
ac_cv_prog_CXXCPP='g++ -E'
ac_cv_prog_PYTHON=python
ac_cv_prog_ac_ct_CC=gcc
ac_cv_prog_ac_ct_OBJDUMP=objdump
ac_cv_prog_ac_ct_RANLIB=ranlib
ac_cv_prog_ac_ct_STRIP=strip
ac_cv_prog_cc_c89=
ac_cv_prog_cc_g=yes
ac_cv_prog_cxx_g=yes
ac_cv_prog_make_make_set=yes
ac_cv_target=powerpc64le-unknown-linux-gnu
ac_cv_type_size_t=yes
lt_cv_ar_at_file=@
lt_cv_deplibs_check_method=pass_all
lt_cv_file_magic_cmd='$MAGIC_CMD'
lt_cv_file_magic_test_file=
lt_cv_ld_reload_flag=-r
lt_cv_nm_interface='BSD nm'
lt_cv_objdir=.libs
lt_cv_path_LD=/sw/summit/xalt/1.1.3/bin/ld
lt_cv_path_LDCXX=/sw/summit/xalt/1.1.3/bin/ld
lt_cv_path_NM='/usr/bin/nm -B'
lt_cv_path_mainfest_tool=no
lt_cv_prog_compiler_c_o=yes
lt_cv_prog_compiler_c_o_CXX=yes
lt_cv_prog_compiler_pic='-fPIC -DPIC'
lt_cv_prog_compiler_pic_CXX='-fPIC -DPIC'
lt_cv_prog_compiler_pic_works=yes
lt_cv_prog_compiler_pic_works_CXX=yes
lt_cv_prog_compiler_rtti_exceptions=no
lt_cv_prog_compiler_static_works=no
lt_cv_prog_compiler_static_works_CXX=no
lt_cv_prog_gnu_ld=yes
lt_cv_prog_gnu_ldcxx=yes
lt_cv_sharedlib_from_linklib_cmd='printf %s\n'
lt_cv_shlibpath_overrides_runpath=no
lt_cv_sys_global_symbol_pipe='sed -n -e '\''s/^.*[	 ]\([ABCDGIRSTW][ABCDGIRSTW]*\)[	 ][	 ]*\([_A-Za-z][_A-Za-z0-9]*\)$/\1 \2 \2/p'\'' | sed '\''/ __gnu_lto/d'\'''
lt_cv_sys_global_symbol_to_c_name_address='sed -n -e '\''s/^: \(.*\) .*$/  {"\1", (void *) 0},/p'\'' -e '\''s/^[ABCDGIRSTW][ABCDGIRSTW]* .* \(.*\)$/  {"\1", (void *) \&\1},/p'\'''
lt_cv_sys_global_symbol_to_c_name_address_lib_prefix='sed -n -e '\''s/^: \(.*\) .*$/  {"\1", (void *) 0},/p'\'' -e '\''s/^[ABCDGIRSTW][ABCDGIRSTW]* .* \(lib.*\)$/  {"\1", (void *) \&\1},/p'\'' -e '\''s/^[ABCDGIRSTW][ABCDGIRSTW]* .* \(.*\)$/  {"lib\1", (void *) \&\1},/p'\'''
lt_cv_sys_global_symbol_to_cdecl='sed -n -e '\''s/^T .* \(.*\)$/extern int \1();/p'\'' -e '\''s/^[ABCDGIRSTW][ABCDGIRSTW]* .* \(.*\)$/extern char \1;/p'\'''
lt_cv_sys_global_symbol_to_import=
lt_cv_sys_max_cmd_len=1572864
lt_cv_to_host_file_cmd=func_convert_file_noop
lt_cv_to_tool_file_cmd=func_convert_file_noop
lt_cv_truncate_bin='/usr/bin/dd bs=4096 count=1'

## ----------------- ##
## Output variables. ##
## ----------------- ##

AR='ar'
ARFLAGS='r'
AWK='gawk'
BIBTEX=''
BOOST_CPPFLAGS=''
BOOST_LDFLAGS=''
BUILDID=''
CC='gcc'
CFLAGS='-g -O2'
CPPFLAGS='-I/ccs/home/agriffith/eigen '
CXX='g++'
CXXCPP='g++ -E'
CXXDEPENDFLAGS='-M'
CXXDEPENDSUF='none'
CXXFLAGS=' -O2 -DNDEBUG '
DATADIR_ABSOLUTE='/ccs/home/agriffith/libint_build/share/libint/2.5.0'
DEFS='-DHAVE_CONFIG_H'
DLLTOOL='false'
DOXYGEN='/usr/bin/doxygen'
DSYMUTIL=''
DUMPBIN=''
DVIPS=''
ECHO_C=''
ECHO_N='-n'
ECHO_T=''
EGREP='/usr/bin/grep -E'
ENABLESHARED='yes'
ENABLE_FORTRAN='no'
EXEEXT=''
EXTRADEFINES='-D__COMPILING_LIBINT2=1'
EXTRAINCLUDE=''
FC=''
FCFLAGS=''
FCLIBS=''
FGREP='/usr/bin/grep -F'
GREP='/usr/bin/grep'
HAVE_SYSTEM_BOOST_PREPROCESSOR_VARIADICS='1'
INSTALL_DATA='${INSTALL} -m 644'
INSTALL_PROGRAM='${INSTALL}'
INSTALL_SCRIPT='${INSTALL}'
LATEX2HTML=''
LATEX='/usr/bin/latex'
LD='/sw/summit/xalt/1.1.3/bin/ld'
LDFLAGS=''
LIBDIRS=''
LIBINT_BUILDID=''
LIBINT_HAS_CXX11='yes'
LIBINT_HAS_EIGEN='yes'
LIBINT_MAJOR_VERSION='2'
LIBINT_MICRO_VERSION='0'
LIBINT_MINOR_VERSION='5'
LIBINT_MMM_VERSION='2.5.0'
LIBINT_SO_VERSION='2:3:0'
LIBINT_VERSION='2.5.0'
LIBOBJS=''
LIBS='-lm  '
LIBSUF='la'
LIBTOOL='$(SHELL) $(top_builddir)/libtool'
LIPO=''
LN_S='ln -s'
LTLIBOBJS=''
LT_SYS_LIBRARY_PATH=''
MANIFEST_TOOL=':'
NM='/usr/bin/nm -B'
NMEDIT=''
OBJDUMP='objdump'
OBJEXT='o'
OBJSUF='lo'
OTOOL64=''
OTOOL=''
PACKAGE_BUGREPORT='libint@valeyev.net'
PACKAGE_NAME='Libint2'
PACKAGE_STRING='Libint2 2.5.0'
PACKAGE_TARNAME='libint2'
PACKAGE_URL=''
PACKAGE_VERSION='2.5.0'
PATH_SEPARATOR=':'
PDFLATEX='/usr/bin/pdflatex'
PKGCONFIGDIR='$(libdir)/pkgconfig'
PSLATEX=''
PYTHON='python'
RANLIB='ranlib'
SED='/usr/bin/sed'
SET_MAKE=''
SHELL='/bin/sh'
STRIP='strip'
ac_ct_AR=''
ac_ct_CC='gcc'
ac_ct_CXX=''
ac_ct_DUMPBIN=''
ac_ct_FC=''
bindir='${exec_prefix}/bin'
build='powerpc64le-unknown-linux-gnu'
build_alias=''
build_cpu='powerpc64le'
build_os='linux-gnu'
build_vendor='unknown'
datadir='${datarootdir}'
datarootdir='${prefix}/share'
docdir='${datarootdir}/doc/${PACKAGE_TARNAME}'
dvidir='${docdir}'
exec_prefix='${prefix}'
host='powerpc64le-unknown-linux-gnu'
host_alias=''
host_cpu='powerpc64le'
host_os='linux-gnu'
host_vendor='unknown'
htmldir='${docdir}'
includedir='${prefix}/include'
infodir='${datarootdir}/info'
libdir='${exec_prefix}/lib'
libexecdir='${exec_prefix}/libexec'
libintincludedir='${prefix}/include'
localedir='${datarootdir}/locale'
localstatedir='${prefix}/var'
mandir='${datarootdir}/man'
oldincludedir='/usr/include'
pdfdir='${docdir}'
prefix='/ccs/home/agriffith/libint_build'
program_transform_name='s,x,x,'
psdir='${docdir}'
sbindir='${exec_prefix}/sbin'
sharedstatedir='${prefix}/com'
sysconfdir='${prefix}/etc'
target='powerpc64le-unknown-linux-gnu'
target_alias=''
target_cpu='powerpc64le'
target_os='linux-gnu'
target_vendor='unknown'

## ----------- ##
## confdefs.h. ##
## ----------- ##

/* confdefs.h */
#define PACKAGE_NAME "Libint2"
#define PACKAGE_TARNAME "libint2"
#define PACKAGE_VERSION "2.5.0"
#define PACKAGE_STRING "Libint2 2.5.0"
#define PACKAGE_BUGREPORT "libint@valeyev.net"
#define PACKAGE_URL ""
#define LIBINT2_BUILDID ""
#define LIBINT2_VERSION "2.5.0"
#define LIBINT_SHGSHELL_ORDERING 1
#define LIBINT_HAS_CXX11 1
#define STDC_HEADERS 1
#define HAVE_SYS_TYPES_H 1
#define HAVE_SYS_STAT_H 1
#define HAVE_STDLIB_H 1
#define HAVE_STRING_H 1
#define HAVE_MEMORY_H 1
#define HAVE_STRINGS_H 1
#define HAVE_INTTYPES_H 1
#define HAVE_STDINT_H 1
#define HAVE_UNISTD_H 1
#define LIBINT_HAS_EIGEN 1
#define HAVE_BOOST /**/
#define LIBINT_HAS_SYSTEM_BOOST_PREPROCESSOR_VARIADICS 1
#define STDC_HEADERS 1
#define HAVE_LIMITS_H 1
#define HAVE_STDINT_H 1
#define HAVE_POSIX_MEMALIGN 1
#define LIBINT2_ALIGN_SIZE 0
#define LIBINT2_REALTYPE double
#define HAVE_DLFCN_H 1
#define LT_OBJDIR ".libs/"

configure: exit 0
